<?xml version="1.0" encoding="UTF-8"?>
<!-- Generated by org.testng.reporters.JUnitReportReporter -->
<testsuite hostname="user-PC" name="com.Delete.app.com.Delete.app.TestConfiguration" tests="2" failures="0" timestamp="12 Sep 2017 13:30:12 GMT" time="0.018" errors="0">
  <testcase name="runTest1" time="0.010" classname="com.Delete.app.com.Delete.app.TestConfiguration"/>
  <testcase name="runTest2" time="0.008" classname="com.Delete.app.com.Delete.app.TestConfiguration"/>
</testsuite> <!-- com.Delete.app.com.Delete.app.TestConfiguration -->
