<?xml version="1.0" encoding="UTF-8"?>
<!-- Generated by org.testng.reporters.JUnitReportReporter -->
<testsuite hostname="user-PC" name="com.Delete.app.com.Delete.app.IntuitSelfEmpSignIn" tests="1" failures="0" timestamp="27 Sep 2017 05:37:33 GMT" time="11.130" errors="0">
  <testcase name="selfEmpTest" time="11.130" classname="com.Delete.app.com.Delete.app.IntuitSelfEmpSignIn"/>
</testsuite> <!-- com.Delete.app.com.Delete.app.IntuitSelfEmpSignIn -->
