<?xml version="1.0" encoding="UTF-8"?>
<!-- Generated by org.testng.reporters.JUnitReportReporter -->
<testsuite hostname="user-PC" name="com.Delete.app.com.Delete.app.GroupTest" tests="2" failures="0" timestamp="22 Aug 2017 01:56:01 GMT" time="216.085" errors="0">
  <testcase name="testLogin" time="113.085" classname="com.Delete.app.com.Delete.app.GroupTest"/>
  <testcase name="testLogin1" time="103.000" classname="com.Delete.app.com.Delete.app.GroupTest"/>
</testsuite> <!-- com.Delete.app.com.Delete.app.GroupTest -->
